-------------info等级的日志-------------
-------------info等级的日志-------------
-------------error等级的日志-------------
-------------info等级的日志-------------
-------------error等级的日志-------------
2020-03-12 21:23:34,284 - [05创建一个自己的日志收集器.py-->line:43] - INFO: -------------info等级的日志-------------
2020-03-12 21:23:34,284 - [05创建一个自己的日志收集器.py-->line:44] - ERROR: -------------error等级的日志-------------
2020-03-12 21:24:25,482 - [05创建一个自己的日志收集器.py-->line:44] - INFO: -------------info等级的日志-------------
2020-03-12 21:24:25,482 - [05创建一个自己的日志收集器.py-->line:45] - ERROR: -------------error等级的日志-------------
2020-03-12 21:25:28,745 ---musen --- [05创建一个自己的日志收集器.py-->line:44] - INFO: -------------info等级的日志-------------
2020-03-12 21:25:28,746 ---musen --- [05创建一个自己的日志收集器.py-->line:45] - ERROR: -------------error等级的日志-------------
2020-03-12 21:25:44,679 ---xiaojian --- [05创建一个自己的日志收集器.py-->line:44] - INFO: -------------info等级的日志-------------
2020-03-12 21:25:44,679 ---xiaojian --- [05创建一个自己的日志收集器.py-->line:45] - ERROR: -------------error等级的日志-------------
2020-03-12 21:25:54,631 ---yuze --- [05创建一个自己的日志收集器.py-->line:44] - INFO: -------------info等级的日志-------------
2020-03-12 21:25:54,631 ---yuze --- [05创建一个自己的日志收集器.py-->line:45] - ERROR: -------------error等级的日志-------------
2020-03-12 21:54:21,235 -- [08test_logging.py-->line:19] - ERROR: 代码错误了
2020-03-12 21:55:41,010 -- [08test_logging.py-->line:18] - ERROR: 代码错误了
2020-03-12 21:55:41,010 -- [08test_logging.py-->line:18] - ERROR: 代码错误了
2020-03-12 21:55:54,951 -- [08test_logging.py-->line:19] - ERROR: 代码错误了
2020-03-12 21:55:54,951 -- [08test_logging.py-->line:19] - ERROR: 代码错误了
2020-03-12 21:55:54,951 -- [08test_logging.py-->line:19] - ERROR: 代码错误了
2020-03-12 21:57:57,400 -- [08test_logging.py-->line:21] - INFO: 7890
2020-03-12 21:58:10,611 -- [08test_logging.py-->line:21] - ERROR: 7890
2020-03-12 22:00:45,265 -- [08test_logging.py-->line:20] - ERROR: 代码错误了
2020-03-12 22:00:45,265 -- [08test_logging.py-->line:20] - ERROR: 代码错误了
2020-03-12 22:00:45,265 -- [08test_logging.py-->line:20] - ERROR: 代码错误了
2020-03-12 22:00:45,265 -- [08test_logging.py-->line:20] - ERROR: 代码错误了
2020-03-13 23:58:07,987 -- [05创建一个自己的日志收集器.py-->line:44] - INFO: -------------info等级的日志-------------
2020-03-13 23:58:07,987 -- [05创建一个自己的日志收集器.py-->line:45] - ERROR: -------------error等级的日志-------------
